make: Entering directory '/home/opam/source/flap'
Source configuration ...
 * Ledit is not present: use default UserInput.
rm -f flap.native
ocamlfind ocamldep -package unix -package str -modules src/flap.ml > src/flap.ml.depends
ocamlfind ocamldep -package unix -package str -modules src/commandLineOptions.ml > src/commandLineOptions.ml.depends
ocamlfind ocamldep -package unix -package str -modules src/options.ml > src/options.ml.depends
ocamlfind ocamldep -package unix -package str -modules src/utilities/error.mli > src/utilities/error.mli.depends
ocamlfind ocamldep -package unix -package str -modules src/utilities/position.mli > src/utilities/position.mli.depends
ocamlfind ocamlc -c -annot -bin-annot -package unix -package str -I src/utilities -I src -I src/hopix -I src/common -I src/lib/pprint -o src/utilities/position.cmi src/utilities/position.mli
ocamlfind ocamldep -package unix -package str -modules src/utilities/extStd.ml > src/utilities/extStd.ml.depends
ocamlfind ocamlc -c -annot -bin-annot -package unix -package str -I src/utilities -I src -I src/hopix -I src/common -I src/lib/pprint -o src/utilities/error.cmi src/utilities/error.mli
ocamlfind ocamlc -c -annot -bin-annot -package unix -package str -I src/utilities -I src -I src/hopix -I src/common -I src/lib/pprint -o src/utilities/extStd.cmo src/utilities/extStd.ml
ocamlfind ocamldep -package unix -package str -modules src/version.ml > src/version.ml.depends
ocamlfind ocamlc -c -annot -bin-annot -package unix -package str -I src -I src/hopix -I src/utilities -I src/common -I src/lib/pprint -o src/options.cmo src/options.ml
ocamlfind ocamlc -c -annot -bin-annot -package unix -package str -I src -I src/hopix -I src/utilities -I src/common -I src/lib/pprint -o src/version.cmo src/version.ml
ocamlfind ocamldep -package unix -package str -modules src/common/compilers.mli > src/common/compilers.mli.depends
ocamlfind ocamldep -package unix -package str -modules src/common/languages.mli > src/common/languages.mli.depends
ocamlfind ocamlc -c -annot -bin-annot -package unix -package str -I src/common -I src -I src/hopix -I src/utilities -I src/lib/pprint -o src/common/languages.cmi src/common/languages.mli
ocamlfind ocamldep -package unix -package str -modules src/hopix/hopixInitialization.ml > src/hopix/hopixInitialization.ml.depends
ocamlfind ocamlc -c -annot -bin-annot -package unix -package str -I src/common -I src -I src/hopix -I src/utilities -I src/lib/pprint -o src/common/compilers.cmi src/common/compilers.mli
ocamlfind ocamldep -package unix -package str -modules src/hopix/hopix.ml > src/hopix/hopix.ml.depends
ocamlfind ocamldep -package unix -package str -modules src/hopix/hopixAST.ml > src/hopix/hopixAST.ml.depends
ocamlfind ocamldep -package unix -package str -modules src/hopix/hopixInterpreter.ml > src/hopix/hopixInterpreter.ml.depends
ocamlfind ocamlc -c -annot -bin-annot -package unix -package str -I src/hopix -I src -I src/utilities -I src/common -I src/lib/pprint -o src/hopix/hopixAST.cmo src/hopix/hopixAST.ml
ocamlfind ocamldep -package unix -package str -modules src/common/memory.mli > src/common/memory.mli.depends
ocamlfind ocamlc -c -annot -bin-annot -package unix -package str -I src/common -I src -I src/hopix -I src/utilities -I src/lib/pprint -o src/common/memory.cmi src/common/memory.mli
/home/opam/.opam/4.03.0/bin/ocamllex.opt -q src/hopix/hopixLexer.mll
ocamlfind ocamldep -package unix -package str -modules src/hopix/hopixLexer.ml > src/hopix/hopixLexer.ml.depends
menhir --raw-depend --ocamldep 'ocamlfind ocamldep -modules' src/hopix/hopixParser.mly > src/hopix/hopixParser.mly.depends
+ menhir --raw-depend --ocamldep 'ocamlfind ocamldep -modules' src/hopix/hopixParser.mly > src/hopix/hopixParser.mly.depends
File "src/hopix/hopixParser.mly", line 13, characters 56-65:
Warning: the token AMPERSAND is unused.
File "src/hopix/hopixParser.mly", line 10, characters 27-30:
Warning: the token AND is unused.
File "src/hopix/hopixParser.mly", line 13, characters 29-38:
Warning: the token BACKSLASH is unused.
File "src/hopix/hopixParser.mly", line 11, characters 24-27:
Warning: the token DIV is unused.
File "src/hopix/hopixParser.mly", line 10, characters 39-43:
Warning: the token ELIF is unused.
File "src/hopix/hopixParser.mly", line 10, characters 44-48:
Warning: the token ELSE is unused.
File "src/hopix/hopixParser.mly", line 13, characters 45-50:
Warning: the token EMARK is unused.
File "src/hopix/hopixParser.mly", line 10, characters 23-26:
Warning: the token FUN is unused.
File "src/hopix/hopixParser.mly", line 11, characters 44-47:
Warning: the token GEQ is unused.
File "src/hopix/hopixParser.mly", line 11, characters 51-53:
Warning: the token GT is unused.
File "src/hopix/hopixParser.mly", line 10, characters 31-33:
Warning: the token IF is unused.
File "src/hopix/hopixParser.mly", line 14, characters 13-17:
Warning: the token IMPL is unused.
File "src/hopix/hopixParser.mly", line 19, characters 26-34:
Warning: the token INFIX_ID is unused.
File "src/hopix/hopixParser.mly", line 11, characters 28-32:
Warning: the token LAND is unused.
File "src/hopix/hopixParser.mly", line 12, characters 39-45:
Warning: the token LBRACE is unused.
File "src/hopix/hopixParser.mly", line 11, characters 40-43:
Warning: the token LEQ is unused.
File "src/hopix/hopixParser.mly", line 11, characters 33-36:
Warning: the token LOR is unused.
File "src/hopix/hopixParser.mly", line 11, characters 48-50:
Warning: the token LT is unused.
File "src/hopix/hopixParser.mly", line 11, characters 12-17:
Warning: the token MINUS is unused.
File "src/hopix/hopixParser.mly", line 13, characters 51-55:
Warning: the token PIPE is unused.
File "src/hopix/hopixParser.mly", line 11, characters 7-11:
Warning: the token PLUS is unused.
File "src/hopix/hopixParser.mly", line 12, characters 46-52:
Warning: the token RBRACE is unused.
File "src/hopix/hopixParser.mly", line 10, characters 34-38:
Warning: the token THEN is unused.
File "src/hopix/hopixParser.mly", line 11, characters 18-23:
Warning: the token TIMES is unused.
File "src/hopix/hopixParser.mly", line 10, characters 7-11:
Warning: the token TYPE is unused.
File "src/hopix/hopixParser.mly", line 13, characters 66-76:
Warning: the token UNDERSCORE is unused.
File "src/hopix/hopixParser.mly", line 10, characters 53-58:
Warning: the token WHILE is unused.
menhir --ocamlc 'ocamlfind ocamlc -annot -bin-annot -package unix -package str -I src/hopix -I src -I src/utilities -I src/common -I src/lib/pprint' --explain --infer src/hopix/hopixParser.mly
+ menhir --ocamlc 'ocamlfind ocamlc -annot -bin-annot -package unix -package str -I src/hopix -I src -I src/utilities -I src/common -I src/lib/pprint' --explain --infer src/hopix/hopixParser.mly
File "src/hopix/hopixParser.mly", line 13, characters 56-65:
Warning: the token AMPERSAND is unused.
File "src/hopix/hopixParser.mly", line 10, characters 27-30:
Warning: the token AND is unused.
File "src/hopix/hopixParser.mly", line 13, characters 29-38:
Warning: the token BACKSLASH is unused.
File "src/hopix/hopixParser.mly", line 11, characters 24-27:
Warning: the token DIV is unused.
File "src/hopix/hopixParser.mly", line 10, characters 39-43:
Warning: the token ELIF is unused.
File "src/hopix/hopixParser.mly", line 10, characters 44-48:
Warning: the token ELSE is unused.
File "src/hopix/hopixParser.mly", line 13, characters 45-50:
Warning: the token EMARK is unused.
File "src/hopix/hopixParser.mly", line 10, characters 23-26:
Warning: the token FUN is unused.
File "src/hopix/hopixParser.mly", line 11, characters 44-47:
Warning: the token GEQ is unused.
File "src/hopix/hopixParser.mly", line 11, characters 51-53:
Warning: the token GT is unused.
File "src/hopix/hopixParser.mly", line 10, characters 31-33:
Warning: the token IF is unused.
File "src/hopix/hopixParser.mly", line 14, characters 13-17:
Warning: the token IMPL is unused.
File "src/hopix/hopixParser.mly", line 19, characters 26-34:
Warning: the token INFIX_ID is unused.
File "src/hopix/hopixParser.mly", line 11, characters 28-32:
Warning: the token LAND is unused.
File "src/hopix/hopixParser.mly", line 12, characters 39-45:
Warning: the token LBRACE is unused.
File "src/hopix/hopixParser.mly", line 11, characters 40-43:
Warning: the token LEQ is unused.
File "src/hopix/hopixParser.mly", line 11, characters 33-36:
Warning: the token LOR is unused.
File "src/hopix/hopixParser.mly", line 11, characters 48-50:
Warning: the token LT is unused.
File "src/hopix/hopixParser.mly", line 11, characters 12-17:
Warning: the token MINUS is unused.
File "src/hopix/hopixParser.mly", line 13, characters 51-55:
Warning: the token PIPE is unused.
File "src/hopix/hopixParser.mly", line 11, characters 7-11:
Warning: the token PLUS is unused.
File "src/hopix/hopixParser.mly", line 12, characters 46-52:
Warning: the token RBRACE is unused.
File "src/hopix/hopixParser.mly", line 10, characters 34-38:
Warning: the token THEN is unused.
File "src/hopix/hopixParser.mly", line 11, characters 18-23:
Warning: the token TIMES is unused.
File "src/hopix/hopixParser.mly", line 10, characters 7-11:
Warning: the token TYPE is unused.
File "src/hopix/hopixParser.mly", line 13, characters 66-76:
Warning: the token UNDERSCORE is unused.
File "src/hopix/hopixParser.mly", line 10, characters 53-58:
Warning: the token WHILE is unused.
File "src/hopix/hopixParser.mly", line 74, characters 6-91:
Warning 8: this pattern-matching is not exhaustive.
Here is an example of a value that is not matched:
DefineRecFuns _
ocamlfind ocamldep -package unix -package str -modules src/hopix/hopixParser.mli > src/hopix/hopixParser.mli.depends
ocamlfind ocamlc -c -annot -bin-annot -package unix -package str -I src/hopix -I src -I src/utilities -I src/common -I src/lib/pprint -o src/hopix/hopixParser.cmi src/hopix/hopixParser.mli
ocamlfind ocamldep -package unix -package str -modules src/hopix/hopixPrettyPrinter.ml > src/hopix/hopixPrettyPrinter.ml.depends
ocamlfind ocamldep -package unix -package str -modules src/utilities/extPPrint.ml > src/utilities/extPPrint.ml.depends
ocamlfind ocamldep -package unix -package str -modules src/lib/pprint/PPrint.ml > src/lib/pprint/PPrint.ml.depends
ocamlfind ocamldep -package unix -package str -modules src/lib/pprint/PPrintCombinators.mli > src/lib/pprint/PPrintCombinators.mli.depends
ocamlfind ocamldep -package unix -package str -modules src/lib/pprint/PPrintEngine.mli > src/lib/pprint/PPrintEngine.mli.depends
ocamlfind ocamldep -package unix -package str -modules src/lib/pprint/PPrintRenderer.ml > src/lib/pprint/PPrintRenderer.ml.depends
ocamlfind ocamlc -c -annot -bin-annot -package unix -package str -I src/lib/pprint -I src -I src/hopix -I src/utilities -I src/common -o src/lib/pprint/PPrintRenderer.cmo src/lib/pprint/PPrintRenderer.ml
ocamlfind ocamlc -c -annot -bin-annot -package unix -package str -I src/lib/pprint -I src -I src/hopix -I src/utilities -I src/common -o src/lib/pprint/PPrintEngine.cmi src/lib/pprint/PPrintEngine.mli
ocamlfind ocamldep -package unix -package str -modules src/lib/pprint/PPrintOCaml.mli > src/lib/pprint/PPrintOCaml.mli.depends
ocamlfind ocamlc -c -annot -bin-annot -package unix -package str -I src/lib/pprint -I src -I src/hopix -I src/utilities -I src/common -o src/lib/pprint/PPrintCombinators.cmi src/lib/pprint/PPrintCombinators.mli
ocamlfind ocamlc -c -annot -bin-annot -package unix -package str -I src/lib/pprint -I src -I src/hopix -I src/utilities -I src/common -o src/lib/pprint/PPrintOCaml.cmi src/lib/pprint/PPrintOCaml.mli
ocamlfind ocamlc -c -annot -bin-annot -package unix -package str -I src/lib/pprint -I src -I src/hopix -I src/utilities -I src/common -o src/lib/pprint/PPrint.cmo src/lib/pprint/PPrint.ml
ocamlfind ocamlc -c -annot -bin-annot -package unix -package str -I src/utilities -I src -I src/hopix -I src/common -I src/lib/pprint -o src/utilities/extPPrint.cmo src/utilities/extPPrint.ml
ocamlfind ocamldep -package unix -package str -modules src/hopix/hopixTypechecker.ml > src/hopix/hopixTypechecker.ml.depends
ocamlfind ocamlc -c -annot -bin-annot -package unix -package str -I src/hopix -I src -I src/utilities -I src/common -I src/lib/pprint -o src/hopix/hopixPrettyPrinter.cmo src/hopix/hopixPrettyPrinter.ml
ocamlfind ocamldep -package unix -package str -modules src/hopix/hopixTypes.ml > src/hopix/hopixTypes.ml.depends
ocamlfind ocamlc -c -annot -bin-annot -package unix -package str -I src/hopix -I src -I src/utilities -I src/common -I src/lib/pprint -o src/hopix/hopixTypes.cmo src/hopix/hopixTypes.ml
ocamlfind ocamldep -package unix -package str -modules src/utilities/syntacticAnalysis.mli > src/utilities/syntacticAnalysis.mli.depends
ocamlfind ocamlc -c -annot -bin-annot -package unix -package str -I src/hopix -I src -I src/utilities -I src/common -I src/lib/pprint -o src/hopix/hopixInterpreter.cmo src/hopix/hopixInterpreter.ml
+ ocamlfind ocamlc -c -annot -bin-annot -package unix -package str -I src/hopix -I src -I src/utilities -I src/common -I src/lib/pprint -o src/hopix/hopixInterpreter.cmo src/hopix/hopixInterpreter.ml
File "src/hopix/hopixInterpreter.ml", line 41, characters 6-142:
Warning 8: this pattern-matching is not exhaustive.
Here is an example of a value that is not matched:
(VUnit|VBool _|VChar _|VString _|VArray _|VTaggedValues (_, _)|
VFun (_, _, _))
File "src/hopix/hopixInterpreter.ml", line 162, characters 2-213:
Warning 8: this pattern-matching is not exhaustive.
Here is an example of a value that is not matched:
DefineRecFuns _
File "src/hopix/hopixInterpreter.ml", line 195, characters 14-43:
Warning 8: this pattern-matching is not exhaustive.
Here is an example of a value that is not matched:
(LString _|LChar _|LBool _)
File "src/hopix/hopixInterpreter.ml", line 46, characters 6-23:
Warning 26: unused variable print_array_value.
ocamlfind ocamlc -c -annot -bin-annot -package unix -package str -I src/hopix -I src -I src/utilities -I src/common -I src/lib/pprint -o src/hopix/hopixLexer.cmo src/hopix/hopixLexer.ml
ocamlfind ocamlc -c -annot -bin-annot -package unix -package str -I src/hopix -I src -I src/utilities -I src/common -I src/lib/pprint -o src/hopix/hopixTypechecker.cmo src/hopix/hopixTypechecker.ml
ocamlfind ocamlc -c -annot -bin-annot -package unix -package str -I src/utilities -I src -I src/hopix -I src/common -I src/lib/pprint -o src/utilities/syntacticAnalysis.cmi src/utilities/syntacticAnalysis.mli
ocamlfind ocamlc -c -annot -bin-annot -package unix -package str -I src/hopix -I src -I src/utilities -I src/common -I src/lib/pprint -o src/hopix/hopix.cmo src/hopix/hopix.ml
ocamlfind ocamldep -package unix -package str -modules src/utilities/userInput.ml > src/utilities/userInput.ml.depends
ocamlfind ocamldep -package unix -package str -modules src/utilities/stdUserInput.ml > src/utilities/stdUserInput.ml.depends
ocamlfind ocamlc -c -annot -bin-annot -package unix -package str -I src/utilities -I src -I src/hopix -I src/common -I src/lib/pprint -o src/utilities/stdUserInput.cmo src/utilities/stdUserInput.ml
ocamlfind ocamlc -c -annot -bin-annot -package unix -package str -I src -I src/hopix -I src/utilities -I src/common -I src/lib/pprint -o src/commandLineOptions.cmo src/commandLineOptions.ml
