make: Entering directory '/home/opam/source/flap'
Source configuration ...
 * Ledit is not present: use default UserInput.
rm -f flap.native
ocamlfind ocamldep -package unix -package str -modules src/flap.ml > src/flap.ml.depends
ocamlfind ocamldep -package unix -package str -modules src/commandLineOptions.ml > src/commandLineOptions.ml.depends
ocamlfind ocamldep -package unix -package str -modules src/options.ml > src/options.ml.depends
ocamlfind ocamldep -package unix -package str -modules src/utilities/error.mli > src/utilities/error.mli.depends
ocamlfind ocamldep -package unix -package str -modules src/utilities/position.mli > src/utilities/position.mli.depends
ocamlfind ocamlc -c -annot -bin-annot -package unix -package str -I src/utilities -I src -I src/hopix -I src/fopix -I src/mips -I src/hobix -I src/common -I src/retrolix -I src/lib/pprint -o src/utilities/position.cmi src/utilities/position.mli
ocamlfind ocamldep -package unix -package str -modules src/utilities/extStd.ml > src/utilities/extStd.ml.depends
ocamlfind ocamlc -c -annot -bin-annot -package unix -package str -I src/utilities -I src -I src/hopix -I src/fopix -I src/mips -I src/hobix -I src/common -I src/retrolix -I src/lib/pprint -o src/utilities/error.cmi src/utilities/error.mli
ocamlfind ocamlc -c -annot -bin-annot -package unix -package str -I src/utilities -I src -I src/hopix -I src/fopix -I src/mips -I src/hobix -I src/common -I src/retrolix -I src/lib/pprint -o src/utilities/extStd.cmo src/utilities/extStd.ml
ocamlfind ocamldep -package unix -package str -modules src/version.ml > src/version.ml.depends
ocamlfind ocamlc -c -annot -bin-annot -package unix -package str -I src -I src/hopix -I src/fopix -I src/mips -I src/hobix -I src/utilities -I src/common -I src/retrolix -I src/lib/pprint -o src/options.cmo src/options.ml
ocamlfind ocamlc -c -annot -bin-annot -package unix -package str -I src -I src/hopix -I src/fopix -I src/mips -I src/hobix -I src/utilities -I src/common -I src/retrolix -I src/lib/pprint -o src/version.cmo src/version.ml
ocamlfind ocamldep -package unix -package str -modules src/common/compilers.mli > src/common/compilers.mli.depends
ocamlfind ocamldep -package unix -package str -modules src/common/languages.mli > src/common/languages.mli.depends
ocamlfind ocamlc -c -annot -bin-annot -package unix -package str -I src/common -I src -I src/hopix -I src/fopix -I src/mips -I src/hobix -I src/utilities -I src/retrolix -I src/lib/pprint -o src/common/languages.cmi src/common/languages.mli
ocamlfind ocamldep -package unix -package str -modules src/fopix/fopixInitialization.ml > src/fopix/fopixInitialization.ml.depends
ocamlfind ocamlc -c -annot -bin-annot -package unix -package str -I src/common -I src -I src/hopix -I src/fopix -I src/mips -I src/hobix -I src/utilities -I src/retrolix -I src/lib/pprint -o src/common/compilers.cmi src/common/compilers.mli
ocamlfind ocamldep -package unix -package str -modules src/fopix/fopix.ml > src/fopix/fopix.ml.depends
ocamlfind ocamldep -package unix -package str -modules src/fopix/fopixAST.ml > src/fopix/fopixAST.ml.depends
ocamlfind ocamldep -package unix -package str -modules src/fopix/fopixInterpreter.ml > src/fopix/fopixInterpreter.ml.depends
ocamlfind ocamlc -c -annot -bin-annot -package unix -package str -I src/fopix -I src -I src/hopix -I src/mips -I src/hobix -I src/utilities -I src/common -I src/retrolix -I src/lib/pprint -o src/fopix/fopixAST.cmo src/fopix/fopixAST.ml
ocamlfind ocamldep -package unix -package str -modules src/common/memory.mli > src/common/memory.mli.depends
ocamlfind ocamlc -c -annot -bin-annot -package unix -package str -I src/common -I src -I src/hopix -I src/fopix -I src/mips -I src/hobix -I src/utilities -I src/retrolix -I src/lib/pprint -o src/common/memory.cmi src/common/memory.mli
/home/opam/.opam/4.03.0/bin/ocamllex.opt -q src/fopix/fopixLexer.mll
ocamlfind ocamldep -package unix -package str -modules src/fopix/fopixLexer.ml > src/fopix/fopixLexer.ml.depends
menhir --raw-depend --ocamldep 'ocamlfind ocamldep -modules' src/fopix/fopixParser.mly > src/fopix/fopixParser.mly.depends
menhir --ocamlc 'ocamlfind ocamlc -annot -bin-annot -package unix -package str -I src/fopix -I src -I src/hopix -I src/mips -I src/hobix -I src/utilities -I src/common -I src/retrolix -I src/lib/pprint' --explain --infer src/fopix/fopixParser.mly
ocamlfind ocamldep -package unix -package str -modules src/fopix/fopixParser.mli > src/fopix/fopixParser.mli.depends
ocamlfind ocamlc -c -annot -bin-annot -package unix -package str -I src/fopix -I src -I src/hopix -I src/mips -I src/hobix -I src/utilities -I src/common -I src/retrolix -I src/lib/pprint -o src/fopix/fopixParser.cmi src/fopix/fopixParser.mli
ocamlfind ocamldep -package unix -package str -modules src/fopix/fopixPrettyPrinter.ml > src/fopix/fopixPrettyPrinter.ml.depends
ocamlfind ocamldep -package unix -package str -modules src/lib/pprint/PPrint.ml > src/lib/pprint/PPrint.ml.depends
ocamlfind ocamldep -package unix -package str -modules src/lib/pprint/PPrintCombinators.mli > src/lib/pprint/PPrintCombinators.mli.depends
ocamlfind ocamldep -package unix -package str -modules src/lib/pprint/PPrintEngine.mli > src/lib/pprint/PPrintEngine.mli.depends
ocamlfind ocamldep -package unix -package str -modules src/lib/pprint/PPrintRenderer.ml > src/lib/pprint/PPrintRenderer.ml.depends
ocamlfind ocamlc -c -annot -bin-annot -package unix -package str -I src/lib/pprint -I src -I src/hopix -I src/fopix -I src/mips -I src/hobix -I src/utilities -I src/common -I src/retrolix -o src/lib/pprint/PPrintRenderer.cmo src/lib/pprint/PPrintRenderer.ml
ocamlfind ocamlc -c -annot -bin-annot -package unix -package str -I src/lib/pprint -I src -I src/hopix -I src/fopix -I src/mips -I src/hobix -I src/utilities -I src/common -I src/retrolix -o src/lib/pprint/PPrintEngine.cmi src/lib/pprint/PPrintEngine.mli
ocamlfind ocamldep -package unix -package str -modules src/lib/pprint/PPrintOCaml.mli > src/lib/pprint/PPrintOCaml.mli.depends
ocamlfind ocamlc -c -annot -bin-annot -package unix -package str -I src/lib/pprint -I src -I src/hopix -I src/fopix -I src/mips -I src/hobix -I src/utilities -I src/common -I src/retrolix -o src/lib/pprint/PPrintCombinators.cmi src/lib/pprint/PPrintCombinators.mli
ocamlfind ocamlc -c -annot -bin-annot -package unix -package str -I src/lib/pprint -I src -I src/hopix -I src/fopix -I src/mips -I src/hobix -I src/utilities -I src/common -I src/retrolix -o src/lib/pprint/PPrintOCaml.cmi src/lib/pprint/PPrintOCaml.mli
ocamlfind ocamlc -c -annot -bin-annot -package unix -package str -I src/lib/pprint -I src -I src/hopix -I src/fopix -I src/mips -I src/hobix -I src/utilities -I src/common -I src/retrolix -o src/lib/pprint/PPrint.cmo src/lib/pprint/PPrint.ml
ocamlfind ocamldep -package unix -package str -modules src/fopix/fopixTypechecker.ml > src/fopix/fopixTypechecker.ml.depends
ocamlfind ocamldep -package unix -package str -modules src/utilities/syntacticAnalysis.mli > src/utilities/syntacticAnalysis.mli.depends
ocamlfind ocamlc -c -annot -bin-annot -package unix -package str -I src/fopix -I src -I src/hopix -I src/mips -I src/hobix -I src/utilities -I src/common -I src/retrolix -I src/lib/pprint -o src/fopix/fopixInterpreter.cmo src/fopix/fopixInterpreter.ml
+ ocamlfind ocamlc -c -annot -bin-annot -package unix -package str -I src/fopix -I src -I src/hopix -I src/mips -I src/hobix -I src/utilities -I src/common -I src/retrolix -I src/lib/pprint -o src/fopix/fopixInterpreter.cmo src/fopix/fopixInterpreter.ml
File "src/fopix/fopixInterpreter.ml", line 188, characters 25-3082:
Warning 8: this pattern-matching is not exhaustive.
Here is an example of a value that is not matched:
UnknownFunCall (_, _)
ocamlfind ocamlc -c -annot -bin-annot -package unix -package str -I src/fopix -I src -I src/hopix -I src/mips -I src/hobix -I src/utilities -I src/common -I src/retrolix -I src/lib/pprint -o src/fopix/fopixLexer.cmo src/fopix/fopixLexer.ml
ocamlfind ocamlc -c -annot -bin-annot -package unix -package str -I src/fopix -I src -I src/hopix -I src/mips -I src/hobix -I src/utilities -I src/common -I src/retrolix -I src/lib/pprint -o src/fopix/fopixPrettyPrinter.cmo src/fopix/fopixPrettyPrinter.ml
ocamlfind ocamlc -c -annot -bin-annot -package unix -package str -I src/fopix -I src -I src/hopix -I src/mips -I src/hobix -I src/utilities -I src/common -I src/retrolix -I src/lib/pprint -o src/fopix/fopixTypechecker.cmo src/fopix/fopixTypechecker.ml
ocamlfind ocamlc -c -annot -bin-annot -package unix -package str -I src/utilities -I src -I src/hopix -I src/fopix -I src/mips -I src/hobix -I src/common -I src/retrolix -I src/lib/pprint -o src/utilities/syntacticAnalysis.cmi src/utilities/syntacticAnalysis.mli
ocamlfind ocamldep -package unix -package str -modules src/fopix/hobixToFopix.ml > src/fopix/hobixToFopix.ml.depends
ocamlfind ocamldep -package unix -package str -modules src/utilities/dict.mli > src/utilities/dict.mli.depends
ocamlfind ocamlc -c -annot -bin-annot -package unix -package str -I src/fopix -I src -I src/hopix -I src/mips -I src/hobix -I src/utilities -I src/common -I src/retrolix -I src/lib/pprint -o src/fopix/fopix.cmo src/fopix/fopix.ml
ocamlfind ocamldep -package unix -package str -modules src/hobix/hobix.ml > src/hobix/hobix.ml.depends
ocamlfind ocamldep -package unix -package str -modules src/hobix/hobixAST.ml > src/hobix/hobixAST.ml.depends
ocamlfind ocamldep -package unix -package str -modules src/hobix/hobixInterpreter.ml > src/hobix/hobixInterpreter.ml.depends
ocamlfind ocamlc -c -annot -bin-annot -package unix -package str -I src/hobix -I src -I src/hopix -I src/fopix -I src/mips -I src/utilities -I src/common -I src/retrolix -I src/lib/pprint -o src/hobix/hobixAST.cmo src/hobix/hobixAST.ml
/home/opam/.opam/4.03.0/bin/ocamllex.opt -q src/hobix/hobixLexer.mll
ocamlfind ocamldep -package unix -package str -modules src/hobix/hobixLexer.ml > src/hobix/hobixLexer.ml.depends
menhir --raw-depend --ocamldep 'ocamlfind ocamldep -modules' src/hobix/hobixParser.mly > src/hobix/hobixParser.mly.depends
menhir --ocamlc 'ocamlfind ocamlc -annot -bin-annot -package unix -package str -I src/hobix -I src -I src/hopix -I src/fopix -I src/mips -I src/utilities -I src/common -I src/retrolix -I src/lib/pprint' --explain --infer src/hobix/hobixParser.mly
ocamlfind ocamldep -package unix -package str -modules src/hobix/hobixParser.mli > src/hobix/hobixParser.mli.depends
ocamlfind ocamlc -c -annot -bin-annot -package unix -package str -I src/hobix -I src -I src/hopix -I src/fopix -I src/mips -I src/utilities -I src/common -I src/retrolix -I src/lib/pprint -o src/hobix/hobixParser.cmi src/hobix/hobixParser.mli
ocamlfind ocamldep -package unix -package str -modules src/hobix/hobixPrettyPrinter.ml > src/hobix/hobixPrettyPrinter.ml.depends
ocamlfind ocamldep -package unix -package str -modules src/utilities/extPPrint.ml > src/utilities/extPPrint.ml.depends
ocamlfind ocamlc -c -annot -bin-annot -package unix -package str -I src/utilities -I src -I src/hopix -I src/fopix -I src/mips -I src/hobix -I src/common -I src/retrolix -I src/lib/pprint -o src/utilities/extPPrint.cmo src/utilities/extPPrint.ml
ocamlfind ocamldep -package unix -package str -modules src/hobix/hobixTypechecker.ml > src/hobix/hobixTypechecker.ml.depends
ocamlfind ocamldep -package unix -package str -modules src/hopix/hopixAST.ml > src/hopix/hopixAST.ml.depends
ocamlfind ocamldep -package unix -package str -modules src/hopix/hopixPrettyPrinter.ml > src/hopix/hopixPrettyPrinter.ml.depends
ocamlfind ocamlc -c -annot -bin-annot -package unix -package str -I src/hopix -I src -I src/fopix -I src/mips -I src/hobix -I src/utilities -I src/common -I src/retrolix -I src/lib/pprint -o src/hopix/hopixAST.cmo src/hopix/hopixAST.ml
ocamlfind ocamldep -package unix -package str -modules src/hopix/hopixTypes.ml > src/hopix/hopixTypes.ml.depends
ocamlfind ocamlc -c -annot -bin-annot -package unix -package str -I src/hopix -I src -I src/fopix -I src/mips -I src/hobix -I src/utilities -I src/common -I src/retrolix -I src/lib/pprint -o src/hopix/hopixPrettyPrinter.cmo src/hopix/hopixPrettyPrinter.ml
ocamlfind ocamlc -c -annot -bin-annot -package unix -package str -I src/hopix -I src -I src/fopix -I src/mips -I src/hobix -I src/utilities -I src/common -I src/retrolix -I src/lib/pprint -o src/hopix/hopixTypes.cmo src/hopix/hopixTypes.ml
ocamlfind ocamlc -c -annot -bin-annot -package unix -package str -I src/hobix -I src -I src/hopix -I src/fopix -I src/mips -I src/utilities -I src/common -I src/retrolix -I src/lib/pprint -o src/hobix/hobixInterpreter.cmo src/hobix/hobixInterpreter.ml
ocamlfind ocamlc -c -annot -bin-annot -package unix -package str -I src/hobix -I src -I src/hopix -I src/fopix -I src/mips -I src/utilities -I src/common -I src/retrolix -I src/lib/pprint -o src/hobix/hobixLexer.cmo src/hobix/hobixLexer.ml
ocamlfind ocamlc -c -annot -bin-annot -package unix -package str -I src/hobix -I src -I src/hopix -I src/fopix -I src/mips -I src/utilities -I src/common -I src/retrolix -I src/lib/pprint -o src/hobix/hobixPrettyPrinter.cmo src/hobix/hobixPrettyPrinter.ml
ocamlfind ocamlc -c -annot -bin-annot -package unix -package str -I src/hobix -I src -I src/hopix -I src/fopix -I src/mips -I src/utilities -I src/common -I src/retrolix -I src/lib/pprint -o src/hobix/hobixTypechecker.cmo src/hobix/hobixTypechecker.ml
ocamlfind ocamlc -c -annot -bin-annot -package unix -package str -I src/utilities -I src -I src/hopix -I src/fopix -I src/mips -I src/hobix -I src/common -I src/retrolix -I src/lib/pprint -o src/utilities/dict.cmi src/utilities/dict.mli
ocamlfind ocamlc -c -annot -bin-annot -package unix -package str -I src/hobix -I src -I src/hopix -I src/fopix -I src/mips -I src/utilities -I src/common -I src/retrolix -I src/lib/pprint -o src/hobix/hobix.cmo src/hobix/hobix.ml
ocamlfind ocamlc -c -annot -bin-annot -package unix -package str -I src/fopix -I src -I src/hopix -I src/mips -I src/hobix -I src/utilities -I src/common -I src/retrolix -I src/lib/pprint -o src/fopix/hobixToFopix.cmo src/fopix/hobixToFopix.ml
+ ocamlfind ocamlc -c -annot -bin-annot -package unix -package str -I src/fopix -I src -I src/hopix -I src/mips -I src/hobix -I src/utilities -I src/common -I src/retrolix -I src/lib/pprint -o src/fopix/hobixToFopix.cmo src/fopix/hobixToFopix.ml
File "src/fopix/hobixToFopix.ml", line 281, characters 6-17:
Warning 26: unused variable expressions.
ocamlfind ocamldep -package unix -package str -modules src/hobix/hobixInitialization.ml > src/hobix/hobixInitialization.ml.depends
ocamlfind ocamldep -package unix -package str -modules src/hobix/hopixToHobix.ml > src/hobix/hopixToHobix.ml.depends
ocamlfind ocamldep -package unix -package str -modules src/hopix/hopix.ml > src/hopix/hopix.ml.depends
ocamlfind ocamldep -package unix -package str -modules src/hopix/hopixInterpreter.ml > src/hopix/hopixInterpreter.ml.depends
/home/opam/.opam/4.03.0/bin/ocamllex.opt -q src/hopix/hopixLexer.mll
ocamlfind ocamldep -package unix -package str -modules src/hopix/hopixLexer.ml > src/hopix/hopixLexer.ml.depends
menhir --raw-depend --ocamldep 'ocamlfind ocamldep -modules' src/hopix/hopixParser.mly > src/hopix/hopixParser.mly.depends
menhir --ocamlc 'ocamlfind ocamlc -annot -bin-annot -package unix -package str -I src/hopix -I src -I src/fopix -I src/mips -I src/hobix -I src/utilities -I src/common -I src/retrolix -I src/lib/pprint' --explain --infer src/hopix/hopixParser.mly
ocamlfind ocamldep -package unix -package str -modules src/hopix/hopixParser.mli > src/hopix/hopixParser.mli.depends
ocamlfind ocamlc -c -annot -bin-annot -package unix -package str -I src/hopix -I src -I src/fopix -I src/mips -I src/hobix -I src/utilities -I src/common -I src/retrolix -I src/lib/pprint -o src/hopix/hopixParser.cmi src/hopix/hopixParser.mli
ocamlfind ocamldep -package unix -package str -modules src/hopix/hopixTypechecker.ml > src/hopix/hopixTypechecker.ml.depends
ocamlfind ocamlc -c -annot -bin-annot -package unix -package str -I src/hopix -I src -I src/fopix -I src/mips -I src/hobix -I src/utilities -I src/common -I src/retrolix -I src/lib/pprint -o src/hopix/hopixInterpreter.cmo src/hopix/hopixInterpreter.ml
ocamlfind ocamlc -c -annot -bin-annot -package unix -package str -I src/hopix -I src -I src/fopix -I src/mips -I src/hobix -I src/utilities -I src/common -I src/retrolix -I src/lib/pprint -o src/hopix/hopixLexer.cmo src/hopix/hopixLexer.ml
ocamlfind ocamlc -c -annot -bin-annot -package unix -package str -I src/hopix -I src -I src/fopix -I src/mips -I src/hobix -I src/utilities -I src/common -I src/retrolix -I src/lib/pprint -o src/hopix/hopixTypechecker.cmo src/hopix/hopixTypechecker.ml
+ ocamlfind ocamlc -c -annot -bin-annot -package unix -package str -I src/hopix -I src -I src/fopix -I src/mips -I src/hobix -I src/utilities -I src/common -I src/retrolix -I src/lib/pprint -o src/hopix/hopixTypechecker.cmo src/hopix/hopixTypechecker.ml
File "src/hopix/hopixTypechecker.ml", line 359, characters 20-46:
Error: Unbound value output_ty_list_of_function
Command exited with code 2.
Makefile.generic:70: recipe for target 'flap.native' failed
make: Leaving directory '/home/opam/source/flap'
