make: Entering directory '/home/opam/source/flap'
Source configuration ...
 * Ledit is not present: use default UserInput.
rm -f flap.native
ocamlfind ocamldep -package unix -package str -modules src/flap.ml > src/flap.ml.depends
ocamlfind ocamldep -package unix -package str -modules src/commandLineOptions.ml > src/commandLineOptions.ml.depends
ocamlfind ocamldep -package unix -package str -modules src/options.ml > src/options.ml.depends
ocamlfind ocamldep -package unix -package str -modules src/utilities/error.mli > src/utilities/error.mli.depends
ocamlfind ocamldep -package unix -package str -modules src/utilities/position.mli > src/utilities/position.mli.depends
ocamlfind ocamlc -c -annot -bin-annot -package unix -package str -I src/utilities -I src -I src/hopix -I src/common -I src/lib/pprint -o src/utilities/position.cmi src/utilities/position.mli
ocamlfind ocamldep -package unix -package str -modules src/utilities/extStd.ml > src/utilities/extStd.ml.depends
ocamlfind ocamlc -c -annot -bin-annot -package unix -package str -I src/utilities -I src -I src/hopix -I src/common -I src/lib/pprint -o src/utilities/error.cmi src/utilities/error.mli
ocamlfind ocamlc -c -annot -bin-annot -package unix -package str -I src/utilities -I src -I src/hopix -I src/common -I src/lib/pprint -o src/utilities/extStd.cmo src/utilities/extStd.ml
ocamlfind ocamldep -package unix -package str -modules src/version.ml > src/version.ml.depends
ocamlfind ocamlc -c -annot -bin-annot -package unix -package str -I src -I src/hopix -I src/utilities -I src/common -I src/lib/pprint -o src/options.cmo src/options.ml
ocamlfind ocamlc -c -annot -bin-annot -package unix -package str -I src -I src/hopix -I src/utilities -I src/common -I src/lib/pprint -o src/version.cmo src/version.ml
ocamlfind ocamldep -package unix -package str -modules src/common/compilers.mli > src/common/compilers.mli.depends
ocamlfind ocamldep -package unix -package str -modules src/common/languages.mli > src/common/languages.mli.depends
ocamlfind ocamlc -c -annot -bin-annot -package unix -package str -I src/common -I src -I src/hopix -I src/utilities -I src/lib/pprint -o src/common/languages.cmi src/common/languages.mli
ocamlfind ocamldep -package unix -package str -modules src/hopix/hopixInitialization.ml > src/hopix/hopixInitialization.ml.depends
ocamlfind ocamlc -c -annot -bin-annot -package unix -package str -I src/common -I src -I src/hopix -I src/utilities -I src/lib/pprint -o src/common/compilers.cmi src/common/compilers.mli
ocamlfind ocamldep -package unix -package str -modules src/hopix/hopix.ml > src/hopix/hopix.ml.depends
ocamlfind ocamldep -package unix -package str -modules src/hopix/hopixAST.ml > src/hopix/hopixAST.ml.depends
ocamlfind ocamldep -package unix -package str -modules src/hopix/hopixInterpreter.ml > src/hopix/hopixInterpreter.ml.depends
ocamlfind ocamlc -c -annot -bin-annot -package unix -package str -I src/hopix -I src -I src/utilities -I src/common -I src/lib/pprint -o src/hopix/hopixAST.cmo src/hopix/hopixAST.ml
ocamlfind ocamldep -package unix -package str -modules src/common/memory.mli > src/common/memory.mli.depends
ocamlfind ocamlc -c -annot -bin-annot -package unix -package str -I src/common -I src -I src/hopix -I src/utilities -I src/lib/pprint -o src/common/memory.cmi src/common/memory.mli
/home/opam/.opam/4.03.0/bin/ocamllex.opt -q src/hopix/hopixLexer.mll
ocamlfind ocamldep -package unix -package str -modules src/hopix/hopixLexer.ml > src/hopix/hopixLexer.ml.depends
menhir --raw-depend --ocamldep 'ocamlfind ocamldep -modules' src/hopix/hopixParser.mly > src/hopix/hopixParser.mly.depends
menhir --ocamlc 'ocamlfind ocamlc -annot -bin-annot -package unix -package str -I src/hopix -I src -I src/utilities -I src/common -I src/lib/pprint' --explain --infer src/hopix/hopixParser.mly
+ menhir --ocamlc 'ocamlfind ocamlc -annot -bin-annot -package unix -package str -I src/hopix -I src -I src/utilities -I src/common -I src/lib/pprint' --explain --infer src/hopix/hopixParser.mly
File "src/hopix/hopixParser.mly", line 317, characters 11-16:
Error: This variant expression is expected to have type HopixAST.literal
       The constructor LBool does not belong to type HopixAST.literal
Command exited with code 1.
Makefile.generic:67: recipe for target 'flap.native' failed
make: Leaving directory '/home/opam/source/flap'
